0 info it worked if it ends with ok
1 verbose cli [ '/Users/aphillips/.nvm/versions/node/v6.3.0/bin/node',
1 verbose cli   '/Users/aphillips/.nvm/versions/node/v6.3.0/bin/npm',
1 verbose cli   'start' ]
2 info using npm@3.10.3
3 info using node@v6.3.0
4 verbose run-script [ 'prestart', 'start', 'poststart' ]
5 info lifecycle rgr@1.0.0~prestart: rgr@1.0.0
6 silly lifecycle rgr@1.0.0~prestart: no script for prestart, continuing
7 info lifecycle rgr@1.0.0~start: rgr@1.0.0
8 verbose lifecycle rgr@1.0.0~start: unsafe-perm in lifecycle true
9 verbose lifecycle rgr@1.0.0~start: PATH: /Users/aphillips/.nvm/versions/node/v6.3.0/lib/node_modules/npm/bin/node-gyp-bin:/Users/aphillips/Desktop/Samples/largeScaleReactAppStarter/node_modules/.bin:/Users/aphillips/.nvm/versions/node/v6.3.0/bin:/Users/aphillips/.rvm/gems/ruby-2.1.5/bin:/Users/aphillips/.rvm/gems/ruby-2.1.5@global/bin:/Users/aphillips/.rvm/rubies/ruby-2.1.5/bin:”/Users/aphillips/anaconda/bin:/Users/aphillips/.nvm/versions/node/v6.3.0/bin:/Users/aphillips/.rbenv/shims:/Users/aphillips/.rbenv/shims:/usr/local/bin:/usr/bin:/bin:/usr/sbin:/sbin:/Users/aphillips/.local/bin:/Users/aphillips/Applications/Postgres.app/Contents/Versions/9.5/bin/:/Users/aphillips/go/bin:/Users/aphillips/.rvm/bin”:/Users/aphillips/root/aphillips/anaconda3/bin:/Users/aphillips/Library/Frameworks/Python.framework/Versions/3.5/bin:/Users/aphillips/.rvm/bin
10 verbose lifecycle rgr@1.0.0~start: CWD: /Users/aphillips/Desktop/Samples/largeScaleReactAppStarter
11 silly lifecycle rgr@1.0.0~start: Args: [ '-c', 'node server.js' ]
12 silly lifecycle rgr@1.0.0~start: Returned: code: 1  signal: null
13 info lifecycle rgr@1.0.0~start: Failed to exec start script
14 verbose stack Error: rgr@1.0.0 start: `node server.js`
14 verbose stack Exit status 1
14 verbose stack     at EventEmitter.<anonymous> (/Users/aphillips/.nvm/versions/node/v6.3.0/lib/node_modules/npm/lib/utils/lifecycle.js:242:16)
14 verbose stack     at emitTwo (events.js:106:13)
14 verbose stack     at EventEmitter.emit (events.js:191:7)
14 verbose stack     at ChildProcess.<anonymous> (/Users/aphillips/.nvm/versions/node/v6.3.0/lib/node_modules/npm/lib/utils/spawn.js:40:14)
14 verbose stack     at emitTwo (events.js:106:13)
14 verbose stack     at ChildProcess.emit (events.js:191:7)
14 verbose stack     at maybeClose (internal/child_process.js:852:16)
14 verbose stack     at Process.ChildProcess._handle.onexit (internal/child_process.js:215:5)
15 verbose pkgid rgr@1.0.0
16 verbose cwd /Users/aphillips/Desktop/Samples/largeScaleReactAppStarter
17 error Darwin 15.6.0
18 error argv "/Users/aphillips/.nvm/versions/node/v6.3.0/bin/node" "/Users/aphillips/.nvm/versions/node/v6.3.0/bin/npm" "start"
19 error node v6.3.0
20 error npm  v3.10.3
21 error code ELIFECYCLE
22 error rgr@1.0.0 start: `node server.js`
22 error Exit status 1
23 error Failed at the rgr@1.0.0 start script 'node server.js'.
23 error Make sure you have the latest version of node.js and npm installed.
23 error If you do, this is most likely a problem with the rgr package,
23 error not with npm itself.
23 error Tell the author that this fails on your system:
23 error     node server.js
23 error You can get information on how to open an issue for this project with:
23 error     npm bugs rgr
23 error Or if that isn't available, you can get their info via:
23 error     npm owner ls rgr
23 error There is likely additional logging output above.
24 verbose exit [ 1, true ]
